#
# There is insufficient memory for the Java Runtime Environment to continue.
# Native memory allocation (mmap) failed to map 98566144 bytes for G1 virtual space
# Possible reasons:
#   The system is out of physical RAM or swap space
#   The process is running with CompressedOops enabled, and the Java Heap may be blocking the growth of the native heap
# Possible solutions:
#   Reduce memory load on the system
#   Increase physical memory or swap space
#   Check if swap backing store is full
#   Decrease Java heap size (-Xmx/-Xms)
#   Decrease number of Java threads
#   Decrease Java thread stack sizes (-Xss)
#   Set larger code cache with -XX:ReservedCodeCacheSize=
#   JVM is running with Unscaled Compressed Oops mode in which the Java heap is
#     placed in the first 4GB address space. The Java Heap base address is the
#     maximum limit for the native heap growth. Please use -XX:HeapBaseMinAddress
#     to set the Java Heap base and to place the Java Heap above 4GB virtual address.
# This output file may be truncated or incomplete.
#
#  Out of Memory Error (os_windows.cpp:3617), pid=26412, tid=20792
#
# JRE version: OpenJDK Runtime Environment Temurin-17.0.8.1+1 (17.0.8.1+1) (build 17.0.8.1+1)
# Java VM: OpenJDK 64-Bit Server VM Temurin-17.0.8.1+1 (17.0.8.1+1, mixed mode, tiered, compressed oops, compressed class ptrs, g1 gc, windows-amd64)
# No core dump will be written. Minidumps are not enabled by default on client versions of Windows
#

---------------  S U M M A R Y ------------

Command Line: -Dmaven.home=EMBEDDED -Dclassworlds.conf=C:\Users\Lahla\Documents\workspace-spring-tool-suite-4-4.20.1.RELEASE\.metadata\.plugins\org.eclipse.m2e.launching\launches\m2conf13268009898136980791.tmp -Dmaven.multiModuleProjectDirectory=D:\Edu\SPRING\Ace\Client -Dm2e.build.project.data.socket.port=64255 -Dfile.encoding=UTF-8 -Dstdout.encoding=UTF-8 -Dstderr.encoding=UTF-8 -XX:+ShowCodeDetailsInExceptionMessages org.codehaus.plexus.classworlds.launcher.Launcher -Ppom.xml -B -Dstyle.color=always install

Host: Intel(R) Core(TM) i7-8565U CPU @ 1.80GHz, 8 cores, 7G,  Windows 10 , 64 bit Build 19041 (10.0.19041.3155)
Time: Sat Dec 23 11:47:31 2023 Maroc (heure d64 bit Build 19041 (10.0.19041.3155) elapsed time: 4.920971 seconds (0d 0h 0m 4s)

---------------  T H R E A D  ---------------

Current thread (0x000002409c45b510):  VMThread "VM Thread" [stack: 0x0000008d37e00000,0x0000008d37f00000] [id=20792]

Stack: [0x0000008d37e00000,0x0000008d37f00000]
Native frames: (J=compiled Java code, j=interpreted, Vv=VM code, C=native code)
V  [jvm.dll+0x678b0a]
V  [jvm.dll+0x835e84]
V  [jvm.dll+0x83762e]
V  [jvm.dll+0x837c93]
V  [jvm.dll+0x24746f]
V  [jvm.dll+0x675859]
V  [jvm.dll+0x66a0ea]
V  [jvm.dll+0x306c7b]
V  [jvm.dll+0x30e166]
V  [jvm.dll+0x35dd3e]
V  [jvm.dll+0x35df6f]
V  [jvm.dll+0x2ddb48]
V  [jvm.dll+0x2dbd0c]
V  [jvm.dll+0x2db2dc]
V  [jvm.dll+0x31f18b]
V  [jvm.dll+0x83c15b]
V  [jvm.dll+0x83ce94]
V  [jvm.dll+0x83d3ac]
V  [jvm.dll+0x83d784]
V  [jvm.dll+0x83d850]
V  [jvm.dll+0x7e64ca]
V  [jvm.dll+0x677955]
C  [ucrtbase.dll+0x21bb2]
C  [KERNEL32.DLL+0x17614]
C  [ntdll.dll+0x526b1]

VM_Operation (0x0000008d378f8300): G1CollectForAllocation, mode: safepoint, requested by thread 0x000002408038cff0


---------------  P R O C E S S  ---------------

Threads class SMR info:
_java_thread_list=0x00000240a17a8060, length=14, elements={
0x000002408038cff0, 0x000002409c47d3d0, 0x000002409c47e3e0, 0x000002409c4a5290,
0x000002409c4a8b80, 0x000002409c4a9450, 0x000002409c4a9d20, 0x000002409c4ade20,
0x000002409c4b67f0, 0x000002409c4c18e0, 0x000002409c629030, 0x000002409c645b40,
0x00000240a1180f50, 0x00000240a1967610
}

Java Threads: ( => current thread )
  0x000002408038cff0 JavaThread "main" [_thread_blocked, id=14564, stack(0x0000008d37800000,0x0000008d37900000)]
  0x000002409c47d3d0 JavaThread "Reference Handler" daemon [_thread_blocked, id=7484, stack(0x0000008d37f00000,0x0000008d38000000)]
  0x000002409c47e3e0 JavaThread "Finalizer" daemon [_thread_blocked, id=7144, stack(0x0000008d38000000,0x0000008d38100000)]
  0x000002409c4a5290 JavaThread "Signal Dispatcher" daemon [_thread_blocked, id=8924, stack(0x0000008d38100000,0x0000008d38200000)]
  0x000002409c4a8b80 JavaThread "Attach Listener" daemon [_thread_blocked, id=16568, stack(0x0000008d38200000,0x0000008d38300000)]
  0x000002409c4a9450 JavaThread "Service Thread" daemon [_thread_blocked, id=20492, stack(0x0000008d38300000,0x0000008d38400000)]
  0x000002409c4a9d20 JavaThread "Monitor Deflation Thread" daemon [_thread_blocked, id=23948, stack(0x0000008d38400000,0x0000008d38500000)]
  0x000002409c4ade20 JavaThread "C2 CompilerThread0" daemon [_thread_in_native, id=2644, stack(0x0000008d38500000,0x0000008d38600000)]
  0x000002409c4b67f0 JavaThread "C1 CompilerThread0" daemon [_thread_blocked, id=2136, stack(0x0000008d38600000,0x0000008d38700000)]
  0x000002409c4c18e0 JavaThread "Sweeper thread" daemon [_thread_blocked, id=15692, stack(0x0000008d38700000,0x0000008d38800000)]
  0x000002409c629030 JavaThread "Notification Thread" daemon [_thread_blocked, id=2924, stack(0x0000008d38800000,0x0000008d38900000)]
  0x000002409c645b40 JavaThread "Common-Cleaner" daemon [_thread_blocked, id=16304, stack(0x0000008d38a00000,0x0000008d38b00000)]
  0x00000240a1180f50 JavaThread "C2 CompilerThread1" daemon [_thread_blocked, id=8140, stack(0x0000008d38b00000,0x0000008d38c00000)]
  0x00000240a1967610 JavaThread "C2 CompilerThread2" daemon [_thread_blocked, id=26044, stack(0x0000008d38c00000,0x0000008d38d00000)]

Other Threads:
=>0x000002409c45b510 VMThread "VM Thread" [stack: 0x0000008d37e00000,0x0000008d37f00000] [id=20792]
  0x000002408253c560 WatcherThread [stack: 0x0000008d38900000,0x0000008d38a00000] [id=24868]
  0x0000024082524910 GCTaskThread "GC Thread#0" [stack: 0x0000008d37900000,0x0000008d37a00000] [id=22972]
  0x00000240a18b0410 GCTaskThread "GC Thread#1" [stack: 0x0000008d38d00000,0x0000008d38e00000] [id=20540]
  0x00000240a198d970 GCTaskThread "GC Thread#2" [stack: 0x0000008d38e00000,0x0000008d38f00000] [id=18128]
  0x00000240a1af2b30 GCTaskThread "GC Thread#3" [stack: 0x0000008d38f00000,0x0000008d39000000] [id=6684]
  0x00000240a17db2d0 GCTaskThread "GC Thread#4" [stack: 0x0000008d39000000,0x0000008d39100000] [id=23284]
  0x00000240a182b120 GCTaskThread "GC Thread#5" [stack: 0x0000008d39100000,0x0000008d39200000] [id=20400]
  0x00000240a182b3e0 GCTaskThread "GC Thread#6" [stack: 0x0000008d39200000,0x0000008d39300000] [id=6892]
  0x00000240a18cd100 GCTaskThread "GC Thread#7" [stack: 0x0000008d39300000,0x0000008d39400000] [id=24752]
  0x00000240825353f0 ConcurrentGCThread "G1 Main Marker" [stack: 0x0000008d37a00000,0x0000008d37b00000] [id=15212]
  0x00000240825364b0 ConcurrentGCThread "G1 Conc#0" [stack: 0x0000008d37b00000,0x0000008d37c00000] [id=10224]
  0x00000240a1e1f3b0 ConcurrentGCThread "G1 Conc#1" [stack: 0x0000008d39400000,0x0000008d39500000] [id=4372]
  0x000002409c2b24c0 ConcurrentGCThread "G1 Refine#0" [stack: 0x0000008d37c00000,0x0000008d37d00000] [id=24448]
  0x00000240a4014cc0 ConcurrentGCThread "G1 Refine#1" [stack: 0x0000008d39500000,0x0000008d39600000] [id=21276]
  0x000002408258eca0 ConcurrentGCThread "G1 Service" [stack: 0x0000008d37d00000,0x0000008d37e00000] [id=23136]

Threads with active compile tasks:
C2 CompilerThread0     4931 5975   !   4       com.sun.tools.javac.jvm.ClassReader::classSigToType (497 bytes)

VM state: at safepoint (normal execution)

VM Mutex/Monitor currently owned by a thread:  ([mutex/lock_event])
[0x00000240824caf60] Threads_lock - owner thread: 0x000002409c45b510
[0x00000240824caff0] Heap_lock - owner thread: 0x000002408038cff0

Heap address: 0x0000000081c00000, size: 2020 MB, Compressed Oops mode: 32-bit

CDS archive(s) not mapped
Compressed class space mapped at: 0x0000000100000000-0x0000000140000000, reserved size: 1073741824
Narrow klass base: 0x0000000000000000, Narrow klass shift: 3, Narrow klass range: 0x140000000

GC Precious Log:
 CPUs: 8 total, 8 available
 Memory: 8078M
 Large Page Support: Disabled
 NUMA Support: Disabled
 Compressed Oops: Enabled (32-bit)
 Heap Region Size: 1M
 Heap Min Capacity: 8M
 Heap Initial Capacity: 128M
 Heap Max Capacity: 2020M
 Pre-touch: Disabled
 Parallel Workers: 8
 Concurrent Workers: 2
 Concurrent Refinement Workers: 8
 Periodic GC: Disabled

Heap:
 garbage-first heap   total 132096K, used 54272K [0x0000000081c00000, 0x0000000100000000)
  region size 1024K, 4 young (4096K), 4 survivors (4096K)
 Metaspace       used 36827K, committed 37120K, reserved 1114112K
  class space    used 3962K, committed 4096K, reserved 1048576K

Heap Regions: E=young(eden), S=young(survivor), O=old, HS=humongous(starts), HC=humongous(continues), CS=collection set, F=free, OA=open archive, CA=closed archive, TAMS=top-at-mark-start (previous, next)
|   0|0x0000000081c00000, 0x0000000081d00000, 0x0000000081d00000|100%| O|  |TAMS 0x0000000081d00000, 0x0000000081c00000| Untracked 
|   1|0x0000000081d00000, 0x0000000081e00000, 0x0000000081e00000|100%| O|  |TAMS 0x0000000081e00000, 0x0000000081d00000| Untracked 
|   2|0x0000000081e00000, 0x0000000081f00000, 0x0000000081f00000|100%| O|  |TAMS 0x0000000081f00000, 0x0000000081e00000| Untracked 
|   3|0x0000000081f00000, 0x0000000082000000, 0x0000000082000000|100%| O|  |TAMS 0x0000000082000000, 0x0000000081f00000| Untracked 
|   4|0x0000000082000000, 0x0000000082100000, 0x0000000082100000|100%| O|  |TAMS 0x0000000082100000, 0x0000000082000000| Untracked 
|   5|0x0000000082100000, 0x0000000082200000, 0x0000000082200000|100%| O|  |TAMS 0x0000000082200000, 0x0000000082100000| Untracked 
|   6|0x0000000082200000, 0x0000000082300000, 0x0000000082300000|100%| O|  |TAMS 0x0000000082300000, 0x0000000082200000| Untracked 
|   7|0x0000000082300000, 0x0000000082400000, 0x0000000082400000|100%| O|  |TAMS 0x0000000082400000, 0x0000000082300000| Untracked 
|   8|0x0000000082400000, 0x0000000082500000, 0x0000000082500000|100%| O|  |TAMS 0x0000000082500000, 0x0000000082400000| Untracked 
|   9|0x0000000082500000, 0x0000000082600000, 0x0000000082600000|100%| O|  |TAMS 0x0000000082600000, 0x0000000082500000| Untracked 
|  10|0x0000000082600000, 0x0000000082700000, 0x0000000082700000|100%| O|  |TAMS 0x0000000082700000, 0x0000000082600000| Untracked 
|  11|0x0000000082700000, 0x0000000082800000, 0x0000000082800000|100%| O|  |TAMS 0x0000000082800000, 0x0000000082700000| Untracked 
|  12|0x0000000082800000, 0x0000000082900000, 0x0000000082900000|100%| O|  |TAMS 0x0000000082900000, 0x0000000082800000| Untracked 
|  13|0x0000000082900000, 0x0000000082a00000, 0x0000000082a00000|100%| O|  |TAMS 0x0000000082a00000, 0x0000000082900000| Untracked 
|  14|0x0000000082a00000, 0x0000000082b00000, 0x0000000082b00000|100%|HS|  |TAMS 0x0000000082a00000, 0x0000000082a00000| Complete 
|  15|0x0000000082b00000, 0x0000000082c00000, 0x0000000082c00000|100%|HS|  |TAMS 0x0000000082b00000, 0x0000000082b00000| Complete 
|  16|0x0000000082c00000, 0x0000000082d00000, 0x0000000082d00000|100%| O|  |TAMS 0x0000000082c00000, 0x0000000082c00000| Untracked 
|  17|0x0000000082d00000, 0x0000000082e00000, 0x0000000082e00000|100%|HS|  |TAMS 0x0000000082e00000, 0x0000000082d00000| Complete 
|  18|0x0000000082e00000, 0x0000000082f00000, 0x0000000082f00000|100%|HC|  |TAMS 0x0000000082f00000, 0x0000000082e00000| Complete 
|  19|0x0000000082f00000, 0x0000000083000000, 0x0000000083000000|100%|HS|  |TAMS 0x0000000083000000, 0x0000000082f00000| Complete 
|  20|0x0000000083000000, 0x0000000083100000, 0x0000000083100000|100%|HC|  |TAMS 0x0000000083100000, 0x0000000083000000| Complete 
|  21|0x0000000083100000, 0x0000000083200000, 0x0000000083200000|100%|HS|  |TAMS 0x0000000083200000, 0x0000000083100000| Complete 
|  22|0x0000000083200000, 0x0000000083300000, 0x0000000083300000|100%| O|  |TAMS 0x0000000083300000, 0x0000000083200000| Untracked 
|  23|0x0000000083300000, 0x0000000083400000, 0x0000000083400000|100%| O|  |TAMS 0x0000000083400000, 0x0000000083300000| Untracked 
|  24|0x0000000083400000, 0x0000000083500000, 0x0000000083500000|100%| O|  |TAMS 0x0000000083500000, 0x0000000083400000| Untracked 
|  25|0x0000000083500000, 0x0000000083600000, 0x0000000083600000|100%| O|  |TAMS 0x0000000083600000, 0x0000000083500000| Untracked 
|  26|0x0000000083600000, 0x0000000083700000, 0x0000000083700000|100%| O|  |TAMS 0x00000000836e6c00, 0x0000000083600000| Untracked 
|  27|0x0000000083700000, 0x0000000083800000, 0x0000000083800000|100%|HS|  |TAMS 0x0000000083800000, 0x0000000083700000| Complete 
|  28|0x0000000083800000, 0x0000000083900000, 0x0000000083900000|100%| O|  |TAMS 0x0000000083800000, 0x0000000083800000| Untracked 
|  29|0x0000000083900000, 0x0000000083a00000, 0x0000000083a00000|100%| O|  |TAMS 0x0000000083900000, 0x0000000083900000| Untracked 
|  30|0x0000000083a00000, 0x0000000083b00000, 0x0000000083b00000|100%| O|  |TAMS 0x0000000083a00000, 0x0000000083a00000| Untracked 
|  31|0x0000000083b00000, 0x0000000083c00000, 0x0000000083c00000|100%| O|  |TAMS 0x0000000083b00000, 0x0000000083b00000| Untracked 
|  32|0x0000000083c00000, 0x0000000083d00000, 0x0000000083d00000|100%| O|  |TAMS 0x0000000083c00000, 0x0000000083c00000| Untracked 
|  33|0x0000000083d00000, 0x0000000083e00000, 0x0000000083e00000|100%| O|  |TAMS 0x0000000083d00000, 0x0000000083d00000| Untracked 
|  34|0x0000000083e00000, 0x0000000083f00000, 0x0000000083f00000|100%| O|  |TAMS 0x0000000083e00000, 0x0000000083e00000| Untracked 
|  35|0x0000000083f00000, 0x0000000084000000, 0x0000000084000000|100%| O|  |TAMS 0x0000000083f00000, 0x0000000083f00000| Untracked 
|  36|0x0000000084000000, 0x0000000084100000, 0x0000000084100000|100%| O|  |TAMS 0x0000000084000000, 0x0000000084000000| Untracked 
|  37|0x0000000084100000, 0x0000000084200000, 0x0000000084200000|100%| O|  |TAMS 0x0000000084100000, 0x0000000084100000| Untracked 
|  38|0x0000000084200000, 0x0000000084300000, 0x0000000084300000|100%| O|  |TAMS 0x0000000084200000, 0x0000000084200000| Untracked 
|  39|0x0000000084300000, 0x0000000084400000, 0x0000000084400000|100%| O|  |TAMS 0x0000000084300000, 0x0000000084300000| Untracked 
|  40|0x0000000084400000, 0x0000000084400000, 0x0000000084500000|  0%| F|  |TAMS 0x0000000084400000, 0x0000000084400000| Untracked 
|  41|0x0000000084500000, 0x0000000084600000, 0x0000000084600000|100%| O|  |TAMS 0x0000000084500000, 0x0000000084500000| Untracked 
|  42|0x0000000084600000, 0x0000000084700000, 0x0000000084700000|100%| O|  |TAMS 0x0000000084600000, 0x0000000084600000| Untracked 
|  43|0x0000000084700000, 0x0000000084800000, 0x0000000084800000|100%| O|  |TAMS 0x0000000084700000, 0x0000000084700000| Untracked 
|  44|0x0000000084800000, 0x0000000084900000, 0x0000000084900000|100%| O|  |TAMS 0x0000000084800000, 0x0000000084800000| Untracked 
|  45|0x0000000084900000, 0x0000000084a00000, 0x0000000084a00000|100%| O|  |TAMS 0x0000000084900000, 0x0000000084900000| Untracked 
|  46|0x0000000084a00000, 0x0000000084b00000, 0x0000000084b00000|100%| O|  |TAMS 0x0000000084a00000, 0x0000000084a00000| Untracked 
|  47|0x0000000084b00000, 0x0000000084c00000, 0x0000000084c00000|100%| O|  |TAMS 0x0000000084b00000, 0x0000000084b00000| Untracked 
|  48|0x0000000084c00000, 0x0000000084d00000, 0x0000000084d00000|100%| O|  |TAMS 0x0000000084c00000, 0x0000000084c00000| Untracked 
|  49|0x0000000084d00000, 0x0000000084d00000, 0x0000000084e00000|  0%| F|  |TAMS 0x0000000084d00000, 0x0000000084d00000| Untracked 
|  50|0x0000000084e00000, 0x0000000084e00000, 0x0000000084f00000|  0%| F|  |TAMS 0x0000000084e00000, 0x0000000084e00000| Untracked 
|  51|0x0000000084f00000, 0x0000000084f00000, 0x0000000085000000|  0%| F|  |TAMS 0x0000000084f00000, 0x0000000084f00000| Untracked 
|  52|0x0000000085000000, 0x0000000085000000, 0x0000000085100000|  0%| F|  |TAMS 0x0000000085000000, 0x0000000085000000| Untracked 
|  53|0x0000000085100000, 0x0000000085100000, 0x0000000085200000|  0%| F|  |TAMS 0x0000000085100000, 0x0000000085100000| Untracked 
|  54|0x0000000085200000, 0x0000000085200000, 0x0000000085300000|  0%| F|  |TAMS 0x0000000085200000, 0x0000000085200000| Untracked 
|  55|0x0000000085300000, 0x0000000085300000, 0x0000000085400000|  0%| F|  |TAMS 0x0000000085300000, 0x0000000085300000| Untracked 
|  56|0x0000000085400000, 0x0000000085400000, 0x0000000085500000|  0%| F|  |TAMS 0x0000000085400000, 0x0000000085400000| Untracked 
|  57|0x0000000085500000, 0x0000000085500000, 0x0000000085600000|  0%| F|  |TAMS 0x0000000085500000, 0x0000000085500000| Untracked 
|  58|0x0000000085600000, 0x0000000085600000, 0x0000000085700000|  0%| F|  |TAMS 0x0000000085600000, 0x0000000085600000| Untracked 
|  59|0x0000000085700000, 0x0000000085700000, 0x0000000085800000|  0%| F|  |TAMS 0x0000000085700000, 0x0000000085700000| Untracked 
|  60|0x0000000085800000, 0x0000000085800000, 0x0000000085900000|  0%| F|  |TAMS 0x0000000085800000, 0x0000000085800000| Untracked 
|  61|0x0000000085900000, 0x0000000085900000, 0x0000000085a00000|  0%| F|  |TAMS 0x0000000085900000, 0x0000000085900000| Untracked 
|  62|0x0000000085a00000, 0x0000000085a00000, 0x0000000085b00000|  0%| F|  |TAMS 0x0000000085a00000, 0x0000000085a00000| Untracked 
|  63|0x0000000085b00000, 0x0000000085b00000, 0x0000000085c00000|  0%| F|  |TAMS 0x0000000085b00000, 0x0000000085b00000| Untracked 
|  64|0x0000000085c00000, 0x0000000085c00000, 0x0000000085d00000|  0%| F|  |TAMS 0x0000000085c00000, 0x0000000085c00000| Untracked 
|  65|0x0000000085d00000, 0x0000000085d00000, 0x0000000085e00000|  0%| F|  |TAMS 0x0000000085d00000, 0x0000000085d00000| Untracked 
|  66|0x0000000085e00000, 0x0000000085e00000, 0x0000000085f00000|  0%| F|  |TAMS 0x0000000085e00000, 0x0000000085e00000| Untracked 
|  67|0x0000000085f00000, 0x0000000085f00000, 0x0000000086000000|  0%| F|  |TAMS 0x0000000085f00000, 0x0000000085f00000| Untracked 
|  68|0x0000000086000000, 0x0000000086100000, 0x0000000086100000|100%| S|CS|TAMS 0x0000000086000000, 0x0000000086000000| Complete 
|  69|0x0000000086100000, 0x0000000086200000, 0x0000000086200000|100%| S|CS|TAMS 0x0000000086100000, 0x0000000086100000| Complete 
|  70|0x0000000086200000, 0x0000000086300000, 0x0000000086300000|100%| S|CS|TAMS 0x0000000086200000, 0x0000000086200000| Complete 
|  71|0x0000000086300000, 0x0000000086400000, 0x0000000086400000|100%| S|CS|TAMS 0x0000000086300000, 0x0000000086300000| Complete 
|  72|0x0000000086400000, 0x0000000086400000, 0x0000000086500000|  0%| F|  |TAMS 0x0000000086400000, 0x0000000086400000| Untracked 
|  73|0x0000000086500000, 0x0000000086500000, 0x0000000086600000|  0%| F|  |TAMS 0x0000000086500000, 0x0000000086500000| Untracked 
|  74|0x0000000086600000, 0x0000000086600000, 0x0000000086700000|  0%| F|  |TAMS 0x0000000086600000, 0x0000000086600000| Untracked 
|  75|0x0000000086700000, 0x0000000086700000, 0x0000000086800000|  0%| F|  |TAMS 0x0000000086700000, 0x0000000086700000| Untracked 
|  76|0x0000000086800000, 0x0000000086800000, 0x0000000086900000|  0%| F|  |TAMS 0x0000000086800000, 0x0000000086800000| Untracked 
|  77|0x0000000086900000, 0x0000000086900000, 0x0000000086a00000|  0%| F|  |TAMS 0x0000000086900000, 0x0000000086900000| Untracked 
|  78|0x0000000086a00000, 0x0000000086a00000, 0x0000000086b00000|  0%| F|  |TAMS 0x0000000086a00000, 0x0000000086a00000| Untracked 
|  79|0x0000000086b00000, 0x0000000086b00000, 0x0000000086c00000|  0%| F|  |TAMS 0x0000000086b00000, 0x0000000086b00000| Untracked 
|  80|0x0000000086c00000, 0x0000000086c00000, 0x0000000086d00000|  0%| F|  |TAMS 0x0000000086c00000, 0x0000000086c00000| Untracked 
|  81|0x0000000086d00000, 0x0000000086d00000, 0x0000000086e00000|  0%| F|  |TAMS 0x0000000086d00000, 0x0000000086d00000| Untracked 
|  82|0x0000000086e00000, 0x0000000086e00000, 0x0000000086f00000|  0%| F|  |TAMS 0x0000000086e00000, 0x0000000086e00000| Untracked 
|  83|0x0000000086f00000, 0x0000000086f00000, 0x0000000087000000|  0%| F|  |TAMS 0x0000000086f00000, 0x0000000086f00000| Untracked 
|  84|0x0000000087000000, 0x0000000087000000, 0x0000000087100000|  0%| F|  |TAMS 0x0000000087000000, 0x0000000087000000| Untracked 
|  85|0x0000000087100000, 0x0000000087100000, 0x0000000087200000|  0%| F|  |TAMS 0x0000000087100000, 0x0000000087100000| Untracked 
|  86|0x0000000087200000, 0x0000000087200000, 0x0000000087300000|  0%| F|  |TAMS 0x0000000087200000, 0x0000000087200000| Untracked 
|  87|0x0000000087300000, 0x0000000087300000, 0x0000000087400000|  0%| F|  |TAMS 0x0000000087300000, 0x0000000087300000| Untracked 
|  88|0x0000000087400000, 0x0000000087400000, 0x0000000087500000|  0%| F|  |TAMS 0x0000000087400000, 0x0000000087400000| Untracked 
|  89|0x0000000087500000, 0x0000000087500000, 0x0000000087600000|  0%| F|  |TAMS 0x0000000087500000, 0x0000000087500000| Untracked 
|  90|0x0000000087600000, 0x0000000087600000, 0x0000000087700000|  0%| F|  |TAMS 0x0000000087600000, 0x0000000087600000| Untracked 
|  91|0x0000000087700000, 0x0000000087700000, 0x0000000087800000|  0%| F|  |TAMS 0x0000000087700000, 0x0000000087700000| Untracked 
|  92|0x0000000087800000, 0x0000000087800000, 0x0000000087900000|  0%| F|  |TAMS 0x0000000087800000, 0x0000000087800000| Untracked 
|  93|0x0000000087900000, 0x0000000087900000, 0x0000000087a00000|  0%| F|  |TAMS 0x0000000087900000, 0x0000000087900000| Untracked 
|  94|0x0000000087a00000, 0x0000000087a00000, 0x0000000087b00000|  0%| F|  |TAMS 0x0000000087a00000, 0x0000000087a00000| Untracked 
|  95|0x0000000087b00000, 0x0000000087b00000, 0x0000000087c00000|  0%| F|  |TAMS 0x0000000087b00000, 0x0000000087b00000| Untracked 
|  96|0x0000000087c00000, 0x0000000087c00000, 0x0000000087d00000|  0%| F|  |TAMS 0x0000000087c00000, 0x0000000087c00000| Untracked 
|  97|0x0000000087d00000, 0x0000000087d00000, 0x0000000087e00000|  0%| F|  |TAMS 0x0000000087d00000, 0x0000000087d00000| Untracked 
|  98|0x0000000087e00000, 0x0000000087e00000, 0x0000000087f00000|  0%| F|  |TAMS 0x0000000087e00000, 0x0000000087e00000| Untracked 
|  99|0x0000000087f00000, 0x0000000087f00000, 0x0000000088000000|  0%| F|  |TAMS 0x0000000087f00000, 0x0000000087f00000| Untracked 
| 100|0x0000000088000000, 0x0000000088000000, 0x0000000088100000|  0%| F|  |TAMS 0x0000000088000000, 0x0000000088000000| Untracked 
| 101|0x0000000088100000, 0x0000000088100000, 0x0000000088200000|  0%| F|  |TAMS 0x0000000088100000, 0x0000000088100000| Untracked 
| 102|0x0000000088200000, 0x0000000088200000, 0x0000000088300000|  0%| F|  |TAMS 0x0000000088200000, 0x0000000088200000| Untracked 
| 103|0x0000000088300000, 0x0000000088300000, 0x0000000088400000|  0%| F|  |TAMS 0x0000000088300000, 0x0000000088300000| Untracked 
| 104|0x0000000088400000, 0x0000000088400000, 0x0000000088500000|  0%| F|  |TAMS 0x0000000088400000, 0x0000000088400000| Untracked 
| 105|0x0000000088500000, 0x0000000088500000, 0x0000000088600000|  0%| F|  |TAMS 0x0000000088500000, 0x0000000088500000| Untracked 
| 106|0x0000000088600000, 0x0000000088600000, 0x0000000088700000|  0%| F|  |TAMS 0x0000000088600000, 0x0000000088600000| Untracked 
| 107|0x0000000088700000, 0x0000000088700000, 0x0000000088800000|  0%| F|  |TAMS 0x0000000088700000, 0x0000000088700000| Untracked 
| 108|0x0000000088800000, 0x0000000088800000, 0x0000000088900000|  0%| F|  |TAMS 0x0000000088800000, 0x0000000088800000| Untracked 
| 109|0x0000000088900000, 0x0000000088900000, 0x0000000088a00000|  0%| F|  |TAMS 0x0000000088900000, 0x0000000088900000| Untracked 
| 110|0x0000000088a00000, 0x0000000088a00000, 0x0000000088b00000|  0%| F|  |TAMS 0x0000000088a00000, 0x0000000088a00000| Untracked 
| 111|0x0000000088b00000, 0x0000000088b00000, 0x0000000088c00000|  0%| F|  |TAMS 0x0000000088b00000, 0x0000000088b00000| Untracked 
| 112|0x0000000088c00000, 0x0000000088c00000, 0x0000000088d00000|  0%| F|  |TAMS 0x0000000088c00000, 0x0000000088c00000| Untracked 
| 113|0x0000000088d00000, 0x0000000088d00000, 0x0000000088e00000|  0%| F|  |TAMS 0x0000000088d00000, 0x0000000088d00000| Untracked 
| 114|0x0000000088e00000, 0x0000000088e00000, 0x0000000088f00000|  0%| F|  |TAMS 0x0000000088e00000, 0x0000000088e00000| Untracked 
| 115|0x0000000088f00000, 0x0000000088f00000, 0x0000000089000000|  0%| F|  |TAMS 0x0000000088f00000, 0x0000000088f00000| Untracked 
| 116|0x0000000089000000, 0x0000000089000000, 0x0000000089100000|  0%| F|  |TAMS 0x0000000089000000, 0x0000000089000000| Untracked 
| 117|0x0000000089100000, 0x0000000089100000, 0x0000000089200000|  0%| F|  |TAMS 0x0000000089100000, 0x0000000089100000| Untracked 
| 118|0x0000000089200000, 0x0000000089200000, 0x0000000089300000|  0%| F|  |TAMS 0x0000000089200000, 0x0000000089200000| Untracked 
| 119|0x0000000089300000, 0x0000000089300000, 0x0000000089400000|  0%| F|  |TAMS 0x0000000089300000, 0x0000000089300000| Untracked 
| 120|0x0000000089400000, 0x0000000089400000, 0x0000000089500000|  0%| F|  |TAMS 0x0000000089400000, 0x0000000089400000| Untracked 
| 121|0x0000000089500000, 0x0000000089500000, 0x0000000089600000|  0%| F|  |TAMS 0x0000000089500000, 0x0000000089500000| Untracked 
| 122|0x0000000089600000, 0x0000000089600000, 0x0000000089700000|  0%| F|  |TAMS 0x0000000089600000, 0x0000000089600000| Untracked 
| 123|0x0000000089700000, 0x0000000089700000, 0x0000000089800000|  0%| F|  |TAMS 0x0000000089700000, 0x0000000089700000| Untracked 
| 124|0x0000000089800000, 0x0000000089800000, 0x0000000089900000|  0%| F|  |TAMS 0x0000000089800000, 0x0000000089800000| Untracked 
| 125|0x0000000089900000, 0x0000000089900000, 0x0000000089a00000|  0%| F|  |TAMS 0x0000000089900000, 0x0000000089900000| Untracked 
| 126|0x0000000089a00000, 0x0000000089a00000, 0x0000000089b00000|  0%| F|  |TAMS 0x0000000089a00000, 0x0000000089a00000| Untracked 
| 127|0x0000000089b00000, 0x0000000089b00000, 0x0000000089c00000|  0%| F|  |TAMS 0x0000000089b00000, 0x0000000089b00000| Untracked 
|2019|0x00000000fff00000, 0x0000000100000000, 0x0000000100000000|100%| O|  |TAMS 0x00000000fff00000, 0x00000000fff00000| Untracked 

Card table byte_map: [0x00000240952d0000,0x00000240956d0000] _byte_map_base: 0x0000024094ec2000

Marking Bits (Prev, Next): (CMBitMap*) 0x0000024082524e40, (CMBitMap*) 0x0000024082524e80
 Prev Bits: [0x0000024095ad0000, 0x0000024097a60000)
 Next Bits: [0x0000024097a60000, 0x00000240999f0000)

Polling page: 0x0000024080430000

Metaspace:

Usage:
  Non-class:     32.09 MB used.
      Class:      3.87 MB used.
       Both:     35.96 MB used.

Virtual space:
  Non-class space:       64.00 MB reserved,      32.25 MB ( 50%) committed,  1 nodes.
      Class space:        1.00 GB reserved,       4.00 MB ( <1%) committed,  1 nodes.
             Both:        1.06 GB reserved,      36.25 MB (  3%) committed. 

Chunk freelists:
   Non-Class:  15.61 MB
       Class:  12.02 MB
        Both:  27.62 MB

MaxMetaspaceSize: unlimited
CompressedClassSpaceSize: 1.00 GB
Initial GC threshold: 21.00 MB
Current GC threshold: 58.69 MB
CDS: off
MetaspaceReclaimPolicy: balanced
 - commit_granule_bytes: 65536.
 - commit_granule_words: 8192.
 - virtual_space_node_default_size: 8388608.
 - enlarge_chunks_in_place: 1.
 - new_chunks_are_fully_committed: 0.
 - uncommit_free_chunks: 1.
 - use_allocation_guard: 0.
 - handle_deallocations: 1.


Internal statistics:

num_allocs_failed_limit: 6.
num_arena_births: 166.
num_arena_deaths: 0.
num_vsnodes_births: 2.
num_vsnodes_deaths: 0.
num_space_committed: 580.
num_space_uncommitted: 0.
num_chunks_returned_to_freelist: 6.
num_chunks_taken_from_freelist: 1120.
num_chunk_merges: 3.
num_chunk_splits: 780.
num_chunks_enlarged: 614.
num_inconsistent_stats: 0.

CodeHeap 'non-profiled nmethods': size=120000Kb used=3159Kb max_used=3457Kb free=116840Kb
 bounds [0x000002408d660000, 0x000002408d9d0000, 0x0000024094b90000]
CodeHeap 'profiled nmethods': size=120000Kb used=10183Kb max_used=11650Kb free=109817Kb
 bounds [0x0000024085b90000, 0x0000024086700000, 0x000002408d0c0000]
CodeHeap 'non-nmethods': size=5760Kb used=1209Kb max_used=1272Kb free=4551Kb
 bounds [0x000002408d0c0000, 0x000002408d330000, 0x000002408d660000]
 total_blobs=5680 nmethods=5165 adapters=426
 compilation: enabled
              stopped_count=0, restarted_count=0
 full_count=0

Compilation events (20 events):
Event: 4.882 Thread 0x00000240a1180f50 nmethod 6041 0x000002408d6e0690 code [0x000002408d6e0840, 0x000002408d6e10d8]
Event: 4.885 Thread 0x00000240a1967610 nmethod 6042 0x000002408d6dc290 code [0x000002408d6dc500, 0x000002408d6dce30]
Event: 4.888 Thread 0x000002409c4b67f0 6044       3       java.security.AccessController::doPrivileged (17 bytes)
Event: 4.889 Thread 0x000002409c4b67f0 nmethod 6044 0x0000024086178d90 code [0x0000024086178f80, 0x0000024086179338]
Event: 4.894 Thread 0x000002409c4b67f0 6046       3       java.lang.Module::isStaticallyExportedOrOpen (70 bytes)
Event: 4.894 Thread 0x000002409c4b67f0 nmethod 6046 0x0000024086178310 code [0x0000024086178520, 0x0000024086178bd8]
Event: 4.895 Thread 0x000002409c4b67f0 6047       3       jdk.internal.loader.URLClassPath$FileLoader::findResource (18 bytes)
Event: 4.895 Thread 0x000002409c4b67f0 nmethod 6047 0x000002408663f610 code [0x000002408663f7c0, 0x000002408663fa38]
Event: 4.900 Thread 0x000002409c4b67f0 6048       3       java.net.URI$Parser::checkChar (14 bytes)
Event: 4.900 Thread 0x000002409c4b67f0 nmethod 6048 0x0000024086177f90 code [0x0000024086178120, 0x0000024086178268]
Event: 4.904 Thread 0x000002409c4b67f0 6049       3       java.net.URI$Parser::<init> (30 bytes)
Event: 4.905 Thread 0x000002409c4b67f0 nmethod 6049 0x000002408663f090 code [0x000002408663f240, 0x000002408663f4d8]
Event: 4.905 Thread 0x000002409c4b67f0 6050       3       java.net.URI$Parser::parse (243 bytes)
Event: 4.905 Thread 0x00000240a1967610 6051       4       lombok.launch.ClassFileMetaData::readValue (27 bytes)
Event: 4.905 Thread 0x00000240a1180f50 6052       4       lombok.launch.PackageShader::readValue (21 bytes)
Event: 4.905 Thread 0x00000240a1967610 nmethod 6051 0x000002408d697310 code [0x000002408d697480, 0x000002408d697558]
Event: 4.905 Thread 0x00000240a1180f50 nmethod 6052 0x000002408d697010 code [0x000002408d697180, 0x000002408d697238]
Event: 4.906 Thread 0x000002409c4b67f0 nmethod 6050 0x0000024085bed910 code [0x0000024085bedda0, 0x0000024085befb38]
Event: 4.907 Thread 0x000002409c4b67f0 6053       3       java.util.EnumSet::typeCheck (59 bytes)
Event: 4.908 Thread 0x000002409c4b67f0 nmethod 6053 0x0000024085bb7910 code [0x0000024085bb7bc0, 0x0000024085bb8678]

GC Heap History (20 events):
Event: 1.791 GC heap after
{Heap after GC invocations=5 (full 0):
 garbage-first heap   total 30720K, used 7803K [0x0000000081c00000, 0x0000000100000000)
  region size 1024K, 2 young (2048K), 2 survivors (2048K)
 Metaspace       used 24539K, committed 24704K, reserved 1114112K
  class space    used 2668K, committed 2752K, reserved 1048576K
}
Event: 1.804 GC heap before
{Heap before GC invocations=5 (full 0):
 garbage-first heap   total 30720K, used 8827K [0x0000000081c00000, 0x0000000100000000)
  region size 1024K, 3 young (3072K), 2 survivors (2048K)
 Metaspace       used 24591K, committed 24768K, reserved 1114112K
  class space    used 2670K, committed 2752K, reserved 1048576K
}
Event: 1.808 GC heap after
{Heap after GC invocations=6 (full 0):
 garbage-first heap   total 30720K, used 8079K [0x0000000081c00000, 0x0000000100000000)
  region size 1024K, 1 young (1024K), 1 survivors (1024K)
 Metaspace       used 24591K, committed 24768K, reserved 1114112K
  class space    used 2670K, committed 2752K, reserved 1048576K
}
Event: 2.023 GC heap before
{Heap before GC invocations=6 (full 0):
 garbage-first heap   total 30720K, used 21391K [0x0000000081c00000, 0x0000000100000000)
  region size 1024K, 14 young (14336K), 1 survivors (1024K)
 Metaspace       used 25307K, committed 25536K, reserved 1114112K
  class space    used 2718K, committed 2816K, reserved 1048576K
}
Event: 2.027 GC heap after
{Heap after GC invocations=7 (full 0):
 garbage-first heap   total 80896K, used 9537K [0x0000000081c00000, 0x0000000100000000)
  region size 1024K, 2 young (2048K), 2 survivors (2048K)
 Metaspace       used 25307K, committed 25536K, reserved 1114112K
  class space    used 2718K, committed 2816K, reserved 1048576K
}
Event: 2.563 GC heap before
{Heap before GC invocations=7 (full 0):
 garbage-first heap   total 80896K, used 54593K [0x0000000081c00000, 0x0000000100000000)
  region size 1024K, 46 young (47104K), 2 survivors (2048K)
 Metaspace       used 26180K, committed 26368K, reserved 1114112K
  class space    used 2789K, committed 2880K, reserved 1048576K
}
Event: 2.572 GC heap after
{Heap after GC invocations=8 (full 0):
 garbage-first heap   total 80896K, used 14005K [0x0000000081c00000, 0x0000000100000000)
  region size 1024K, 6 young (6144K), 6 survivors (6144K)
 Metaspace       used 26180K, committed 26368K, reserved 1114112K
  class space    used 2789K, committed 2880K, reserved 1048576K
}
Event: 2.969 GC heap before
{Heap before GC invocations=8 (full 0):
 garbage-first heap   total 80896K, used 53941K [0x0000000081c00000, 0x0000000100000000)
  region size 1024K, 45 young (46080K), 6 survivors (6144K)
 Metaspace       used 26624K, committed 26816K, reserved 1114112K
  class space    used 2792K, committed 2880K, reserved 1048576K
}
Event: 2.983 GC heap after
{Heap after GC invocations=9 (full 0):
 garbage-first heap   total 80896K, used 19646K [0x0000000081c00000, 0x0000000100000000)
  region size 1024K, 6 young (6144K), 6 survivors (6144K)
 Metaspace       used 26624K, committed 26816K, reserved 1114112K
  class space    used 2792K, committed 2880K, reserved 1048576K
}
Event: 3.487 GC heap before
{Heap before GC invocations=9 (full 0):
 garbage-first heap   total 80896K, used 56510K [0x0000000081c00000, 0x0000000100000000)
  region size 1024K, 35 young (35840K), 6 survivors (6144K)
 Metaspace       used 27638K, committed 27776K, reserved 1114112K
  class space    used 2904K, committed 2944K, reserved 1048576K
}
Event: 3.494 GC heap after
{Heap after GC invocations=10 (full 0):
 garbage-first heap   total 80896K, used 30086K [0x0000000081c00000, 0x0000000100000000)
  region size 1024K, 3 young (3072K), 3 survivors (3072K)
 Metaspace       used 27638K, committed 27776K, reserved 1114112K
  class space    used 2904K, committed 2944K, reserved 1048576K
}
Event: 3.496 GC heap before
{Heap before GC invocations=10 (full 0):
 garbage-first heap   total 80896K, used 42374K [0x0000000081c00000, 0x0000000100000000)
  region size 1024K, 4 young (4096K), 3 survivors (3072K)
 Metaspace       used 27638K, committed 27776K, reserved 1114112K
  class space    used 2904K, committed 2944K, reserved 1048576K
}
Event: 3.499 GC heap after
{Heap after GC invocations=11 (full 0):
 garbage-first heap   total 97280K, used 42461K [0x0000000081c00000, 0x0000000100000000)
  region size 1024K, 3 young (3072K), 3 survivors (3072K)
 Metaspace       used 27638K, committed 27776K, reserved 1114112K
  class space    used 2904K, committed 2944K, reserved 1048576K
}
Event: 3.745 GC heap before
{Heap before GC invocations=11 (full 0):
 garbage-first heap   total 97280K, used 74205K [0x0000000081c00000, 0x0000000100000000)
  region size 1024K, 23 young (23552K), 3 survivors (3072K)
 Metaspace       used 29880K, committed 30208K, reserved 1114112K
  class space    used 3149K, committed 3328K, reserved 1048576K
}
Event: 3.749 GC heap after
{Heap after GC invocations=12 (full 0):
 garbage-first heap   total 97280K, used 22904K [0x0000000081c00000, 0x0000000100000000)
  region size 1024K, 4 young (4096K), 4 survivors (4096K)
 Metaspace       used 29880K, committed 30208K, reserved 1114112K
  class space    used 3149K, committed 3328K, reserved 1048576K
}
Event: 4.298 GC heap before
{Heap before GC invocations=12 (full 0):
 garbage-first heap   total 97280K, used 82296K [0x0000000081c00000, 0x0000000100000000)
  region size 1024K, 54 young (55296K), 4 survivors (4096K)
 Metaspace       used 35730K, committed 35968K, reserved 1114112K
  class space    used 3842K, committed 3968K, reserved 1048576K
}
Event: 4.308 GC heap after
{Heap after GC invocations=13 (full 0):
 garbage-first heap   total 98304K, used 38625K [0x0000000081c00000, 0x0000000100000000)
  region size 1024K, 7 young (7168K), 7 survivors (7168K)
 Metaspace       used 35730K, committed 35968K, reserved 1114112K
  class space    used 3842K, committed 3968K, reserved 1048576K
}
Event: 4.644 GC heap before
{Heap before GC invocations=14 (full 0):
 garbage-first heap   total 98304K, used 75489K [0x0000000081c00000, 0x0000000100000000)
  region size 1024K, 41 young (41984K), 7 survivors (7168K)
 Metaspace       used 35759K, committed 36032K, reserved 1114112K
  class space    used 3842K, committed 3968K, reserved 1048576K
}
Event: 4.655 GC heap after
{Heap after GC invocations=15 (full 0):
 garbage-first heap   total 98304K, used 49945K [0x0000000081c00000, 0x0000000100000000)
  region size 1024K, 6 young (6144K), 6 survivors (6144K)
 Metaspace       used 35759K, committed 36032K, reserved 1114112K
  class space    used 3842K, committed 3968K, reserved 1048576K
}
Event: 4.910 GC heap before
{Heap before GC invocations=15 (full 0):
 garbage-first heap   total 98304K, used 72473K [0x0000000081c00000, 0x0000000100000000)
  region size 1024K, 29 young (29696K), 6 survivors (6144K)
 Metaspace       used 36827K, committed 37120K, reserved 1114112K
  class space    used 3962K, committed 4096K, reserved 1048576K
}

Dll operation events (7 events):
Event: 0.006 Loaded shared library C:\Spring\sts-4.20.1.RELEASE\plugins\org.eclipse.justj.openjdk.hotspot.jre.full.win32.x86_64_17.0.8.v20230831-1047\jre\bin\java.dll
Event: 0.094 Loaded shared library C:\Spring\sts-4.20.1.RELEASE\plugins\org.eclipse.justj.openjdk.hotspot.jre.full.win32.x86_64_17.0.8.v20230831-1047\jre\bin\net.dll
Event: 0.095 Loaded shared library C:\Spring\sts-4.20.1.RELEASE\plugins\org.eclipse.justj.openjdk.hotspot.jre.full.win32.x86_64_17.0.8.v20230831-1047\jre\bin\nio.dll
Event: 0.100 Loaded shared library C:\Spring\sts-4.20.1.RELEASE\plugins\org.eclipse.justj.openjdk.hotspot.jre.full.win32.x86_64_17.0.8.v20230831-1047\jre\bin\zip.dll
Event: 0.202 Loaded shared library C:\Spring\sts-4.20.1.RELEASE\plugins\org.eclipse.justj.openjdk.hotspot.jre.full.win32.x86_64_17.0.8.v20230831-1047\jre\bin\jimage.dll
Event: 0.332 Loaded shared library C:\Users\Lahla\AppData\Local\Temp\jansi-2.4.0-b8086f673d8f1f99-jansi.dll
Event: 0.522 Loaded shared library C:\Spring\sts-4.20.1.RELEASE\plugins\org.eclipse.justj.openjdk.hotspot.jre.full.win32.x86_64_17.0.8.v20230831-1047\jre\bin\verify.dll

Deoptimization events (20 events):
Event: 4.729 Thread 0x000002408038cff0 Uncommon trap: trap_request=0xffffff45 fr.pc=0x000002408d81ef90 relative=0x0000000000000930
Event: 4.729 Thread 0x000002408038cff0 Uncommon trap: reason=unstable_if action=reinterpret pc=0x000002408d81ef90 method=jdk.internal.jimage.ImageStringsReader.stringFromByteBuffer(Ljava/nio/ByteBuffer;I)Ljava/lang/String; @ 7 c2
Event: 4.729 Thread 0x000002408038cff0 DEOPT PACKING pc=0x000002408d81ef90 sp=0x0000008d378fbf30
Event: 4.729 Thread 0x000002408038cff0 DEOPT UNPACKING pc=0x000002408d1169a3 sp=0x0000008d378fbdc0 mode 2
Event: 4.729 Thread 0x000002408038cff0 Uncommon trap: trap_request=0xffffff45 fr.pc=0x000002408d696068 relative=0x0000000000000828
Event: 4.729 Thread 0x000002408038cff0 Uncommon trap: reason=unstable_if action=reinterpret pc=0x000002408d696068 method=jdk.internal.jimage.ImageStringsReader.stringFromByteBuffer(Ljava/nio/ByteBuffer;I)Ljava/lang/String; @ 7 c2
Event: 4.729 Thread 0x000002408038cff0 DEOPT PACKING pc=0x000002408d696068 sp=0x0000008d378fbda0
Event: 4.729 Thread 0x000002408038cff0 DEOPT UNPACKING pc=0x000002408d1169a3 sp=0x0000008d378fbd58 mode 2
Event: 4.745 Thread 0x000002408038cff0 Uncommon trap: trap_request=0xffffff45 fr.pc=0x000002408d97c260 relative=0x0000000000000060
Event: 4.745 Thread 0x000002408038cff0 Uncommon trap: reason=unstable_if action=reinterpret pc=0x000002408d97c260 method=com.sun.tools.javac.jvm.PoolReader.sizeof(I)I @ 1 c2
Event: 4.745 Thread 0x000002408038cff0 DEOPT PACKING pc=0x000002408d97c260 sp=0x0000008d378fc630
Event: 4.745 Thread 0x000002408038cff0 DEOPT UNPACKING pc=0x000002408d1169a3 sp=0x0000008d378fc5c0 mode 2
Event: 4.745 Thread 0x000002408038cff0 Uncommon trap: trap_request=0xffffff45 fr.pc=0x000002408d6e70b4 relative=0x0000000000000874
Event: 4.745 Thread 0x000002408038cff0 Uncommon trap: reason=unstable_if action=reinterpret pc=0x000002408d6e70b4 method=jdk.internal.jimage.ImageStringsReader.stringFromByteBuffer(Ljava/nio/ByteBuffer;I)Ljava/lang/String; @ 7 c2
Event: 4.745 Thread 0x000002408038cff0 DEOPT PACKING pc=0x000002408d6e70b4 sp=0x0000008d378fbf50
Event: 4.745 Thread 0x000002408038cff0 DEOPT UNPACKING pc=0x000002408d1169a3 sp=0x0000008d378fbea0 mode 2
Event: 4.772 Thread 0x000002408038cff0 Uncommon trap: trap_request=0xffffff45 fr.pc=0x000002408d6db084 relative=0x0000000000000a44
Event: 4.772 Thread 0x000002408038cff0 Uncommon trap: reason=unstable_if action=reinterpret pc=0x000002408d6db084 method=com.sun.tools.javac.util.ArrayUtils.ensureCapacity([BI)[B @ 3 c2
Event: 4.772 Thread 0x000002408038cff0 DEOPT PACKING pc=0x000002408d6db084 sp=0x0000008d378fb540
Event: 4.772 Thread 0x000002408038cff0 DEOPT UNPACKING pc=0x000002408d1169a3 sp=0x0000008d378fb468 mode 2

Classes unloaded (0 events):
No events

Classes redefined (0 events):
No events

Internal exceptions (20 events):
Event: 4.794 Thread 0x000002408038cff0 Exception <a 'sun/nio/fs/WindowsException'{0x00000000868150e0}> (0x00000000868150e0) 
thrown [s\src\hotspot\share\prims\jni.cpp, line 516]
Event: 4.794 Thread 0x000002408038cff0 Exception <a 'sun/nio/fs/WindowsException'{0x00000000868153a0}> (0x00000000868153a0) 
thrown [s\src\hotspot\share\prims\jni.cpp, line 516]
Event: 4.795 Thread 0x000002408038cff0 Exception <a 'sun/nio/fs/WindowsException'{0x0000000086816818}> (0x0000000086816818) 
thrown [s\src\hotspot\share\prims\jni.cpp, line 516]
Event: 4.795 Thread 0x000002408038cff0 Exception <a 'sun/nio/fs/WindowsException'{0x0000000086816b68}> (0x0000000086816b68) 
thrown [s\src\hotspot\share\prims\jni.cpp, line 516]
Event: 4.799 Thread 0x000002408038cff0 Exception <a 'sun/nio/fs/WindowsException'{0x0000000086849018}> (0x0000000086849018) 
thrown [s\src\hotspot\share\prims\jni.cpp, line 516]
Event: 4.799 Thread 0x000002408038cff0 Exception <a 'sun/nio/fs/WindowsException'{0x0000000086849310}> (0x0000000086849310) 
thrown [s\src\hotspot\share\prims\jni.cpp, line 516]
Event: 4.799 Thread 0x000002408038cff0 Exception <a 'sun/nio/fs/WindowsException'{0x0000000086858d60}> (0x0000000086858d60) 
thrown [s\src\hotspot\share\prims\jni.cpp, line 516]
Event: 4.799 Thread 0x000002408038cff0 Exception <a 'sun/nio/fs/WindowsException'{0x0000000086859000}> (0x0000000086859000) 
thrown [s\src\hotspot\share\prims\jni.cpp, line 516]
Event: 4.800 Thread 0x000002408038cff0 Exception <a 'sun/nio/fs/WindowsException'{0x00000000868813f8}> (0x00000000868813f8) 
thrown [s\src\hotspot\share\prims\jni.cpp, line 516]
Event: 4.800 Thread 0x000002408038cff0 Exception <a 'sun/nio/fs/WindowsException'{0x00000000868816e8}> (0x00000000868816e8) 
thrown [s\src\hotspot\share\prims\jni.cpp, line 516]
Event: 4.800 Thread 0x000002408038cff0 Exception <a 'sun/nio/fs/WindowsException'{0x0000000086882b90}> (0x0000000086882b90) 
thrown [s\src\hotspot\share\prims\jni.cpp, line 516]
Event: 4.800 Thread 0x000002408038cff0 Exception <a 'sun/nio/fs/WindowsException'{0x0000000086882f10}> (0x0000000086882f10) 
thrown [s\src\hotspot\share\prims\jni.cpp, line 516]
Event: 4.803 Thread 0x000002408038cff0 Exception <a 'sun/nio/fs/WindowsException'{0x00000000868991c0}> (0x00000000868991c0) 
thrown [s\src\hotspot\share\prims\jni.cpp, line 516]
Event: 4.803 Thread 0x000002408038cff0 Exception <a 'sun/nio/fs/WindowsException'{0x00000000868994d0}> (0x00000000868994d0) 
thrown [s\src\hotspot\share\prims\jni.cpp, line 516]
Event: 4.803 Thread 0x000002408038cff0 Exception <a 'sun/nio/fs/WindowsException'{0x000000008689ce10}> (0x000000008689ce10) 
thrown [s\src\hotspot\share\prims\jni.cpp, line 516]
Event: 4.803 Thread 0x000002408038cff0 Exception <a 'sun/nio/fs/WindowsException'{0x000000008689d0d0}> (0x000000008689d0d0) 
thrown [s\src\hotspot\share\prims\jni.cpp, line 516]
Event: 4.803 Thread 0x000002408038cff0 Exception <a 'sun/nio/fs/WindowsException'{0x00000000868a4370}> (0x00000000868a4370) 
thrown [s\src\hotspot\share\prims\jni.cpp, line 516]
Event: 4.803 Thread 0x000002408038cff0 Exception <a 'sun/nio/fs/WindowsException'{0x00000000868a4670}> (0x00000000868a4670) 
thrown [s\src\hotspot\share\prims\jni.cpp, line 516]
Event: 4.803 Thread 0x000002408038cff0 Exception <a 'sun/nio/fs/WindowsException'{0x00000000868a5b20}> (0x00000000868a5b20) 
thrown [s\src\hotspot\share\prims\jni.cpp, line 516]
Event: 4.803 Thread 0x000002408038cff0 Exception <a 'sun/nio/fs/WindowsException'{0x00000000868a5eb0}> (0x00000000868a5eb0) 
thrown [s\src\hotspot\share\prims\jni.cpp, line 516]

VM Operations (20 events):
Event: 4.340 Executing VM operation: G1PauseCleanup done
Event: 4.550 Executing VM operation: HandshakeAllThreads
Event: 4.550 Executing VM operation: HandshakeAllThreads done
Event: 4.605 Executing VM operation: HandshakeAllThreads
Event: 4.605 Executing VM operation: HandshakeAllThreads done
Event: 4.615 Executing VM operation: HandshakeAllThreads
Event: 4.615 Executing VM operation: HandshakeAllThreads done
Event: 4.644 Executing VM operation: G1CollectForAllocation
Event: 4.655 Executing VM operation: G1CollectForAllocation done
Event: 4.668 Executing VM operation: HandshakeAllThreads
Event: 4.668 Executing VM operation: HandshakeAllThreads done
Event: 4.669 Executing VM operation: HandshakeAllThreads
Event: 4.669 Executing VM operation: HandshakeAllThreads done
Event: 4.729 Executing VM operation: HandshakeAllThreads
Event: 4.729 Executing VM operation: HandshakeAllThreads done
Event: 4.806 Executing VM operation: ICBufferFull
Event: 4.806 Executing VM operation: ICBufferFull done
Event: 4.815 Executing VM operation: HandshakeAllThreads
Event: 4.815 Executing VM operation: HandshakeAllThreads done
Event: 4.910 Executing VM operation: G1CollectForAllocation

Events (20 events):
Event: 4.847 loading class java/util/zip/ZipInputStream
Event: 4.848 loading class java/util/zip/ZipInputStream done
Event: 4.849 loading class java/net/URLDecoder
Event: 4.849 loading class java/net/URLDecoder done
Event: 4.849 loading class java/net/URLEncoder
Event: 4.849 loading class java/net/URLEncoder done
Event: 4.850 loading class java/util/WeakHashMap$EntrySet
Event: 4.850 loading class java/util/WeakHashMap$EntrySet done
Event: 4.850 loading class java/util/WeakHashMap$EntryIterator
Event: 4.850 loading class java/util/WeakHashMap$HashIterator
Event: 4.850 loading class java/util/WeakHashMap$HashIterator done
Event: 4.850 loading class java/util/WeakHashMap$EntryIterator done
Event: 4.862 loading class jdk/internal/module/IllegalAccessLogger
Event: 4.862 loading class jdk/internal/module/IllegalAccessLogger done
Event: 4.891 loading class java/lang/LayerInstantiationException
Event: 4.891 loading class java/lang/LayerInstantiationException done
Event: 4.891 loading class jdk/internal/loader/Loader
Event: 4.892 loading class jdk/internal/loader/Loader done
Event: 4.893 loading class java/lang/Class$EnclosingMethodInfo
Event: 4.893 loading class java/lang/Class$EnclosingMethodInfo done


Dynamic libraries:
0x00007ff67c910000 - 0x00007ff67c91e000 	C:\Spring\sts-4.20.1.RELEASE\plugins\org.eclipse.justj.openjdk.hotspot.jre.full.win32.x86_64_17.0.8.v20230831-1047\jre\bin\javaw.exe
0x00007ffc01510000 - 0x00007ffc01708000 	C:\WINDOWS\SYSTEM32\ntdll.dll
0x00007ffbffeb0000 - 0x00007ffbfff6f000 	C:\WINDOWS\System32\KERNEL32.DLL
0x00007ffbfefb0000 - 0x00007ffbff2a6000 	C:\WINDOWS\System32\KERNELBASE.dll
0x00007ffbfec20000 - 0x00007ffbfed20000 	C:\WINDOWS\System32\ucrtbase.dll
0x00007ffbe2730000 - 0x00007ffbe2747000 	C:\Spring\sts-4.20.1.RELEASE\plugins\org.eclipse.justj.openjdk.hotspot.jre.full.win32.x86_64_17.0.8.v20230831-1047\jre\bin\jli.dll
0x00007ffbf8dd0000 - 0x00007ffbf8de9000 	C:\Spring\sts-4.20.1.RELEASE\plugins\org.eclipse.justj.openjdk.hotspot.jre.full.win32.x86_64_17.0.8.v20230831-1047\jre\bin\VCRUNTIME140.dll
0x00007ffc00e20000 - 0x00007ffc00fbd000 	C:\WINDOWS\System32\USER32.dll
0x00007ffbfebf0000 - 0x00007ffbfec12000 	C:\WINDOWS\System32\win32u.dll
0x00007ffbde6a0000 - 0x00007ffbde93a000 	C:\WINDOWS\WinSxS\amd64_microsoft.windows.common-controls_6595b64144ccf1df_6.0.19041.1110_none_60b5254171f9507e\COMCTL32.dll
0x00007ffbfff70000 - 0x00007ffbfff9c000 	C:\WINDOWS\System32\GDI32.dll
0x00007ffc00980000 - 0x00007ffc00a1e000 	C:\WINDOWS\System32\msvcrt.dll
0x00007ffbff320000 - 0x00007ffbff435000 	C:\WINDOWS\System32\gdi32full.dll
0x00007ffbff440000 - 0x00007ffbff4dd000 	C:\WINDOWS\System32\msvcp_win.dll
0x00007ffc00b20000 - 0x00007ffc00b50000 	C:\WINDOWS\System32\IMM32.DLL
0x00007ffbf8c10000 - 0x00007ffbf8c1c000 	C:\Spring\sts-4.20.1.RELEASE\plugins\org.eclipse.justj.openjdk.hotspot.jre.full.win32.x86_64_17.0.8.v20230831-1047\jre\bin\vcruntime140_1.dll
0x00007ffbe6510000 - 0x00007ffbe65a1000 	C:\Spring\sts-4.20.1.RELEASE\plugins\org.eclipse.justj.openjdk.hotspot.jre.full.win32.x86_64_17.0.8.v20230831-1047\jre\bin\msvcp140.dll
0x00007ffbb5a40000 - 0x00007ffbb668c000 	C:\Spring\sts-4.20.1.RELEASE\plugins\org.eclipse.justj.openjdk.hotspot.jre.full.win32.x86_64_17.0.8.v20230831-1047\jre\bin\server\jvm.dll
0x00007ffbff570000 - 0x00007ffbff61f000 	C:\WINDOWS\System32\ADVAPI32.dll
0x00007ffc00be0000 - 0x00007ffc00c7c000 	C:\WINDOWS\System32\sechost.dll
0x00007ffc00fc0000 - 0x00007ffc010e6000 	C:\WINDOWS\System32\RPCRT4.dll
0x00007ffbf81b0000 - 0x00007ffbf81b9000 	C:\WINDOWS\SYSTEM32\WSOCK32.dll
0x00007ffbfe160000 - 0x00007ffbfe1ab000 	C:\WINDOWS\SYSTEM32\POWRPROF.dll
0x00007ffbe2700000 - 0x00007ffbe2727000 	C:\WINDOWS\SYSTEM32\WINMM.dll
0x00007ffc00830000 - 0x00007ffc0089b000 	C:\WINDOWS\System32\WS2_32.dll
0x00007ffbf62a0000 - 0x00007ffbf62aa000 	C:\WINDOWS\SYSTEM32\VERSION.dll
0x00007ffbfdfd0000 - 0x00007ffbfdfe2000 	C:\WINDOWS\SYSTEM32\UMPDC.dll
0x00007ffbfd3d0000 - 0x00007ffbfd3e2000 	C:\WINDOWS\SYSTEM32\kernel.appcore.dll
0x00007ffbf5cc0000 - 0x00007ffbf5cca000 	C:\Spring\sts-4.20.1.RELEASE\plugins\org.eclipse.justj.openjdk.hotspot.jre.full.win32.x86_64_17.0.8.v20230831-1047\jre\bin\jimage.dll
0x00007ffbfc950000 - 0x00007ffbfcb34000 	C:\WINDOWS\SYSTEM32\DBGHELP.DLL
0x00007ffbe0280000 - 0x00007ffbe02b4000 	C:\WINDOWS\SYSTEM32\dbgcore.DLL
0x00007ffbff4e0000 - 0x00007ffbff562000 	C:\WINDOWS\System32\bcryptPrimitives.dll
0x00007ffbe1b80000 - 0x00007ffbe1ba5000 	C:\Spring\sts-4.20.1.RELEASE\plugins\org.eclipse.justj.openjdk.hotspot.jre.full.win32.x86_64_17.0.8.v20230831-1047\jre\bin\java.dll
0x00007ffbda110000 - 0x00007ffbda128000 	C:\Spring\sts-4.20.1.RELEASE\plugins\org.eclipse.justj.openjdk.hotspot.jre.full.win32.x86_64_17.0.8.v20230831-1047\jre\bin\zip.dll
0x00007ffbff760000 - 0x00007ffbffea4000 	C:\WINDOWS\System32\SHELL32.dll
0x00007ffbfcc30000 - 0x00007ffbfd3c3000 	C:\WINDOWS\SYSTEM32\windows.storage.dll
0x00007ffc00060000 - 0x00007ffc003b4000 	C:\WINDOWS\System32\combase.dll
0x00007ffbfe630000 - 0x00007ffbfe65e000 	C:\WINDOWS\SYSTEM32\Wldp.dll
0x00007ffc01420000 - 0x00007ffc014cd000 	C:\WINDOWS\System32\SHCORE.dll
0x00007ffc00000000 - 0x00007ffc00055000 	C:\WINDOWS\System32\shlwapi.dll
0x00007ffbfeb20000 - 0x00007ffbfeb45000 	C:\WINDOWS\SYSTEM32\profapi.dll
0x00007ffbd5190000 - 0x00007ffbd51a9000 	C:\Spring\sts-4.20.1.RELEASE\plugins\org.eclipse.justj.openjdk.hotspot.jre.full.win32.x86_64_17.0.8.v20230831-1047\jre\bin\net.dll
0x00007ffbf7f80000 - 0x00007ffbf808a000 	C:\WINDOWS\SYSTEM32\WINHTTP.dll
0x00007ffbfe340000 - 0x00007ffbfe3aa000 	C:\WINDOWS\system32\mswsock.dll
0x00007ffbd45b0000 - 0x00007ffbd45c5000 	C:\Spring\sts-4.20.1.RELEASE\plugins\org.eclipse.justj.openjdk.hotspot.jre.full.win32.x86_64_17.0.8.v20230831-1047\jre\bin\nio.dll
0x0000000069ac0000 - 0x0000000069ae4000 	C:\Users\Lahla\AppData\Local\Temp\jansi-2.4.0-b8086f673d8f1f99-jansi.dll
0x00007ffbf5bc0000 - 0x00007ffbf5bd0000 	C:\Spring\sts-4.20.1.RELEASE\plugins\org.eclipse.justj.openjdk.hotspot.jre.full.win32.x86_64_17.0.8.v20230831-1047\jre\bin\verify.dll
0x00007ffbfdff0000 - 0x00007ffbfe02b000 	C:\WINDOWS\SYSTEM32\IPHLPAPI.DLL
0x00007ffc00b10000 - 0x00007ffc00b18000 	C:\WINDOWS\System32\NSI.dll
0x00007ffbf75e0000 - 0x00007ffbf75f7000 	C:\WINDOWS\SYSTEM32\dhcpcsvc6.DLL
0x00007ffbf75c0000 - 0x00007ffbf75dd000 	C:\WINDOWS\SYSTEM32\dhcpcsvc.DLL
0x00007ffbfe030000 - 0x00007ffbfe0fa000 	C:\WINDOWS\SYSTEM32\DNSAPI.dll

dbghelp: loaded successfully - version: 4.0.5 - missing functions: none
symbol engine: initialized successfully - sym options: 0x614 - pdb path: .;C:\Spring\sts-4.20.1.RELEASE\plugins\org.eclipse.justj.openjdk.hotspot.jre.full.win32.x86_64_17.0.8.v20230831-1047\jre\bin;C:\WINDOWS\SYSTEM32;C:\WINDOWS\WinSxS\amd64_microsoft.windows.common-controls_6595b64144ccf1df_6.0.19041.1110_none_60b5254171f9507e;C:\Spring\sts-4.20.1.RELEASE\plugins\org.eclipse.justj.openjdk.hotspot.jre.full.win32.x86_64_17.0.8.v20230831-1047\jre\bin\server;C:\Users\Lahla\AppData\Local\Temp

VM Arguments:
jvm_args: -Dmaven.home=EMBEDDED -Dclassworlds.conf=C:\Users\Lahla\Documents\workspace-spring-tool-suite-4-4.20.1.RELEASE\.metadata\.plugins\org.eclipse.m2e.launching\launches\m2conf13268009898136980791.tmp -Dmaven.multiModuleProjectDirectory=D:\Edu\SPRING\Ace\Client -Dm2e.build.project.data.socket.port=64255 -Dfile.encoding=UTF-8 -Dstdout.encoding=UTF-8 -Dstderr.encoding=UTF-8 -XX:+ShowCodeDetailsInExceptionMessages 
java_command: org.codehaus.plexus.classworlds.launcher.Launcher -Ppom.xml -B -Dstyle.color=always install
java_class_path (initial): C:\Spring\sts-4.20.1.RELEASE\plugins\org.eclipse.m2e.maven.runtime_3.9.400.20230826-0755\jars\plexus-classworlds-2.7.0.jar
Launcher Type: SUN_STANDARD

[Global flags]
     intx CICompilerCount                          = 4                                         {product} {ergonomic}
     uint ConcGCThreads                            = 2                                         {product} {ergonomic}
     uint G1ConcRefinementThreads                  = 8                                         {product} {ergonomic}
   size_t G1HeapRegionSize                         = 1048576                                   {product} {ergonomic}
    uintx GCDrainStackTargetSize                   = 64                                        {product} {ergonomic}
   size_t InitialHeapSize                          = 134217728                                 {product} {ergonomic}
   size_t MarkStackSize                            = 4194304                                   {product} {ergonomic}
   size_t MaxHeapSize                              = 2118123520                                {product} {ergonomic}
   size_t MaxNewSize                               = 1270874112                                {product} {ergonomic}
   size_t MinHeapDeltaBytes                        = 1048576                                   {product} {ergonomic}
   size_t MinHeapSize                              = 8388608                                   {product} {ergonomic}
    uintx NonNMethodCodeHeapSize                   = 5839372                                {pd product} {ergonomic}
    uintx NonProfiledCodeHeapSize                  = 122909434                              {pd product} {ergonomic}
    uintx ProfiledCodeHeapSize                     = 122909434                              {pd product} {ergonomic}
    uintx ReservedCodeCacheSize                    = 251658240                              {pd product} {ergonomic}
     bool SegmentedCodeCache                       = true                                      {product} {ergonomic}
     bool ShowCodeDetailsInExceptionMessages       = true                                   {manageable} {command line}
   size_t SoftMaxHeapSize                          = 2118123520                             {manageable} {ergonomic}
     bool UseCompressedClassPointers               = true                           {product lp64_product} {ergonomic}
     bool UseCompressedOops                        = true                           {product lp64_product} {ergonomic}
     bool UseG1GC                                  = true                                      {product} {ergonomic}
     bool UseLargePagesIndividualAllocation        = false                                  {pd product} {ergonomic}

Logging:
Log output configuration:
 #0: stdout all=warning uptime,level,tags
 #1: stderr all=off uptime,level,tags

Environment Variables:
PATH=C:/Spring/sts-4.20.1.RELEASE//plugins/org.eclipse.justj.openjdk.hotspot.jre.full.win32.x86_64_17.0.8.v20230831-1047/jre/bin/server;C:/Spring/sts-4.20.1.RELEASE//plugins/org.eclipse.justj.openjdk.hotspot.jre.full.win32.x86_64_17.0.8.v20230831-1047/jre/bin;C:\Python312\Scripts\;C:\Python312\;C:\Program Files\Common Files\Oracle\Java\javapath;C:\Program Files (x86)\Common Files\Oracle\Java\javapath;C:\WINDOWS\system32;C:\WINDOWS;C:\WINDOWS\System32\Wbem;C:\WINDOWS\System32\WindowsPowerShell\v1.0\;C:\WINDOWS\System32\OpenSSH\;C:\Program Files\MySQL\MySQL Server 8.0\bin;D:\flutter\bin;D:\Windows Kits\10\Windows Performance Toolkit\;C:\Program Files\Java\jdk1.8.0_202;C:\Program Files\nodejs\;C:\ProgramData\chocolatey\bin;C:\Program Files\apache-maven-3.9.6\bin;C:\Program Files\Docker\Docker\resources\bin;C:\Program Files\sonar-scanner-5.0.1.3006-windows\bin;C:\Program Files\MySQL\MySQL Shell 8.0\bin\;C:\Users\Lahla\AppData\Local\Programs\Python\Python311\Scripts\;C:\Users\Lahla\AppData\Local\Programs\Python\Python311\;C:\Users\Lahla\AppData\Local\Microsoft\WindowsApps;D:\Git\bin;C:\Users\Lahla\AppData\Local\Programs\Microsoft VS Code\bin;C:\Users\Lahla\AppData\Roaming\npm;C:\Users\Lahla\AppData\Local\Pub\Cache\bin;C:\Program Files\apache-maven-3.9.6\bin;;C:\Spring\sts-4.20.1.RELEASE;
USERNAME=Lahla
OS=Windows_NT
PROCESSOR_IDENTIFIER=Intel64 Family 6 Model 142 Stepping 12, GenuineIntel
TMP=C:\Users\Lahla\AppData\Local\Temp
TEMP=C:\Users\Lahla\AppData\Local\Temp



---------------  S Y S T E M  ---------------

OS:
 Windows 10 , 64 bit Build 19041 (10.0.19041.3155)
OS uptime: 3 days 14:12 hours
Hyper-V role detected

CPU: total 8 (initial active 8) (4 cores per cpu, 2 threads per core) family 6 model 142 stepping 12 microcode 0xb8, cx8, cmov, fxsr, ht, mmx, 3dnowpref, sse, sse2, sse3, ssse3, sse4.1, sse4.2, popcnt, lzcnt, tsc, tscinvbit, avx, avx2, aes, erms, clmul, bmi1, bmi2, adx, fma, vzeroupper, clflush, clflushopt, hv
Processor Information for all 8 processors :
  Max Mhz: 1992, Current Mhz: 1792, Mhz Limit: 1792

Memory: 4k page, system-wide physical 8078M (538M free)
TotalPageFile size 15149M (AvailPageFile size 67M)
current process WorkingSet (physical memory assigned to process): 244M, peak: 245M
current process commit charge ("private bytes"): 308M, peak: 403M

vm_info: OpenJDK 64-Bit Server VM (17.0.8.1+1) for windows-amd64 JRE (17.0.8.1+1), built on Aug 23 2023 15:29:17 by "admin" with MS VC++ 16.7 (VS2019)

END.
