#
# There is insufficient memory for the Java Runtime Environment to continue.
# Native memory allocation (mmap) failed to map 134217728 bytes for G1 virtual space
# Possible reasons:
#   The system is out of physical RAM or swap space
#   The process is running with CompressedOops enabled, and the Java Heap may be blocking the growth of the native heap
# Possible solutions:
#   Reduce memory load on the system
#   Increase physical memory or swap space
#   Check if swap backing store is full
#   Decrease Java heap size (-Xmx/-Xms)
#   Decrease number of Java threads
#   Decrease Java thread stack sizes (-Xss)
#   Set larger code cache with -XX:ReservedCodeCacheSize=
#   JVM is running with Unscaled Compressed Oops mode in which the Java heap is
#     placed in the first 4GB address space. The Java Heap base address is the
#     maximum limit for the native heap growth. Please use -XX:HeapBaseMinAddress
#     to set the Java Heap base and to place the Java Heap above 4GB virtual address.
# This output file may be truncated or incomplete.
#
#  Out of Memory Error (os_windows.cpp:3617), pid=22152, tid=18768
#
# JRE version:  (17.0.8.1+1) (build )
# Java VM: OpenJDK 64-Bit Server VM (17.0.8.1+1, mixed mode, emulated-client, sharing, tiered, compressed oops, compressed class ptrs, g1 gc, windows-amd64)
# No core dump will be written. Minidumps are not enabled by default on client versions of Windows
#

---------------  S U M M A R Y ------------

Command Line: -Dcom.sun.management.jmxremote -Dcom.sun.management.jmxremote.port=64140 -Dcom.sun.management.jmxremote.authenticate=false -Dcom.sun.management.jmxremote.ssl=false -Djava.rmi.server.hostname=localhost -Dspring.jmx.enabled=true -Dmanagement.endpoints.jmx.exposure.include=* -Dspring.application.admin.enabled=true -XX:TieredStopAtLevel=1 -Dspring.boot.project.name=Client -Dfile.encoding=UTF-8 -Dstdout.encoding=UTF-8 -Dstderr.encoding=UTF-8 -XX:+ShowCodeDetailsInExceptionMessages emsi.projet.client.ClientApplication --spring.output.ansi.enabled=always

Host: Intel(R) Core(TM) i7-8565U CPU @ 1.80GHz, 8 cores, 7G,  Windows 10 , 64 bit Build 19041 (10.0.19041.3155)
Time: Sat Dec 23 11:41:04 2023 Maroc (heure d64 bit Build 19041 (10.0.19041.3155) elapsed time: 0.010134 seconds (0d 0h 0m 0s)

---------------  T H R E A D  ---------------

Current thread (0x000001cd0cb9e800):  JavaThread "Unknown thread" [_thread_in_vm, id=18768, stack(0x000000831ce00000,0x000000831cf00000)]

Stack: [0x000000831ce00000,0x000000831cf00000]
Native frames: (J=compiled Java code, j=interpreted, Vv=VM code, C=native code)
V  [jvm.dll+0x678b0a]
V  [jvm.dll+0x835e84]
V  [jvm.dll+0x83762e]
V  [jvm.dll+0x837c93]
V  [jvm.dll+0x24746f]
V  [jvm.dll+0x675859]
V  [jvm.dll+0x66a0ea]
V  [jvm.dll+0x306c7b]
V  [jvm.dll+0x30e166]
V  [jvm.dll+0x35dd3e]
V  [jvm.dll+0x35df6f]
V  [jvm.dll+0x2ddb48]
V  [jvm.dll+0x2deab4]
V  [jvm.dll+0x807f31]
V  [jvm.dll+0x36bb21]
V  [jvm.dll+0x7e733c]
V  [jvm.dll+0x3ee4af]
V  [jvm.dll+0x3f00c1]
C  [jli.dll+0x528b]
C  [ucrtbase.dll+0x21bb2]
C  [KERNEL32.DLL+0x17614]
C  [ntdll.dll+0x526b1]


---------------  P R O C E S S  ---------------

Threads class SMR info:
_java_thread_list=0x00007ffbb655a018, length=0, elements={
}

Java Threads: ( => current thread )

Other Threads:
  0x000001cd0ec39290 GCTaskThread "GC Thread#0" [stack: 0x000000831cf00000,0x000000831d000000] [id=9232]
  0x000001cd0ec4a510 ConcurrentGCThread "G1 Main Marker" [stack: 0x000000831d000000,0x000000831d100000] [id=21344]
  0x000001cd0ec4ae30 ConcurrentGCThread "G1 Conc#0" [stack: 0x000000831d100000,0x000000831d200000] [id=16176]

[error occurred during error reporting (printing all threads), id 0xc0000005, EXCEPTION_ACCESS_VIOLATION (0xc0000005) at pc=0x00007ffbb5d2e587]

VM state: not at safepoint (not fully initialized)

VM Mutex/Monitor currently owned by a thread:  ([mutex/lock_event])
[0x000001cd0cb9bbb0] Heap_lock - owner thread: 0x000001cd0cb9e800

Heap address: 0x0000000081c00000, size: 2020 MB, Compressed Oops mode: 32-bit

CDS archive(s) mapped at: [0x0000000000000000-0x0000000000000000-0x0000000000000000), size 0, SharedBaseAddress: 0x0000000800000000, ArchiveRelocationMode: 1.
Narrow klass base: 0x0000000000000000, Narrow klass shift: 0, Narrow klass range: 0x0

GC Precious Log:
<Empty>

Heap:
 garbage-first heap   total 0K, used 0K [0x0000000081c00000, 0x0000000100000000)
  region size 1024K, 0 young (0K), 0 survivors (0K)

[error occurred during error reporting (printing heap information), id 0xc0000005, EXCEPTION_ACCESS_VIOLATION (0xc0000005) at pc=0x00007ffbb6112699]

GC Heap History (0 events):
No events

Dll operation events (1 events):
Event: 0.005 Loaded shared library C:\Spring\sts-4.20.1.RELEASE\plugins\org.eclipse.justj.openjdk.hotspot.jre.full.win32.x86_64_17.0.8.v20230831-1047\jre\bin\java.dll

Deoptimization events (0 events):
No events

Classes unloaded (0 events):
No events

Classes redefined (0 events):
No events

Internal exceptions (0 events):
No events

VM Operations (0 events):
No events

Events (0 events):
No events


Dynamic libraries:
0x00007ff67c910000 - 0x00007ff67c91e000 	C:\Spring\sts-4.20.1.RELEASE\plugins\org.eclipse.justj.openjdk.hotspot.jre.full.win32.x86_64_17.0.8.v20230831-1047\jre\bin\javaw.exe
0x00007ffc01510000 - 0x00007ffc01708000 	C:\WINDOWS\SYSTEM32\ntdll.dll
0x00007ffbffeb0000 - 0x00007ffbfff6f000 	C:\WINDOWS\System32\KERNEL32.DLL
0x00007ffbfefb0000 - 0x00007ffbff2a6000 	C:\WINDOWS\System32\KERNELBASE.dll
0x00007ffbfec20000 - 0x00007ffbfed20000 	C:\WINDOWS\System32\ucrtbase.dll
0x00007ffbf8dd0000 - 0x00007ffbf8de9000 	C:\Spring\sts-4.20.1.RELEASE\plugins\org.eclipse.justj.openjdk.hotspot.jre.full.win32.x86_64_17.0.8.v20230831-1047\jre\bin\VCRUNTIME140.dll
0x00007ffbe2730000 - 0x00007ffbe2747000 	C:\Spring\sts-4.20.1.RELEASE\plugins\org.eclipse.justj.openjdk.hotspot.jre.full.win32.x86_64_17.0.8.v20230831-1047\jre\bin\jli.dll
0x00007ffc00e20000 - 0x00007ffc00fbd000 	C:\WINDOWS\System32\USER32.dll
0x00007ffbfebf0000 - 0x00007ffbfec12000 	C:\WINDOWS\System32\win32u.dll
0x00007ffbde6a0000 - 0x00007ffbde93a000 	C:\WINDOWS\WinSxS\amd64_microsoft.windows.common-controls_6595b64144ccf1df_6.0.19041.1110_none_60b5254171f9507e\COMCTL32.dll
0x00007ffbfff70000 - 0x00007ffbfff9c000 	C:\WINDOWS\System32\GDI32.dll
0x00007ffc00980000 - 0x00007ffc00a1e000 	C:\WINDOWS\System32\msvcrt.dll
0x00007ffbff320000 - 0x00007ffbff435000 	C:\WINDOWS\System32\gdi32full.dll
0x00007ffbff440000 - 0x00007ffbff4dd000 	C:\WINDOWS\System32\msvcp_win.dll
0x00007ffc00b20000 - 0x00007ffc00b50000 	C:\WINDOWS\System32\IMM32.DLL
0x00007ffbf8c10000 - 0x00007ffbf8c1c000 	C:\Spring\sts-4.20.1.RELEASE\plugins\org.eclipse.justj.openjdk.hotspot.jre.full.win32.x86_64_17.0.8.v20230831-1047\jre\bin\vcruntime140_1.dll
0x00007ffbe6510000 - 0x00007ffbe65a1000 	C:\Spring\sts-4.20.1.RELEASE\plugins\org.eclipse.justj.openjdk.hotspot.jre.full.win32.x86_64_17.0.8.v20230831-1047\jre\bin\msvcp140.dll
0x00007ffbb5a40000 - 0x00007ffbb668c000 	C:\Spring\sts-4.20.1.RELEASE\plugins\org.eclipse.justj.openjdk.hotspot.jre.full.win32.x86_64_17.0.8.v20230831-1047\jre\bin\server\jvm.dll
0x00007ffbff570000 - 0x00007ffbff61f000 	C:\WINDOWS\System32\ADVAPI32.dll
0x00007ffc00be0000 - 0x00007ffc00c7c000 	C:\WINDOWS\System32\sechost.dll
0x00007ffc00fc0000 - 0x00007ffc010e6000 	C:\WINDOWS\System32\RPCRT4.dll
0x00007ffbfe160000 - 0x00007ffbfe1ab000 	C:\WINDOWS\SYSTEM32\POWRPROF.dll
0x00007ffbf81b0000 - 0x00007ffbf81b9000 	C:\WINDOWS\SYSTEM32\WSOCK32.dll
0x00007ffbe2700000 - 0x00007ffbe2727000 	C:\WINDOWS\SYSTEM32\WINMM.dll
0x00007ffbf62a0000 - 0x00007ffbf62aa000 	C:\WINDOWS\SYSTEM32\VERSION.dll
0x00007ffc00830000 - 0x00007ffc0089b000 	C:\WINDOWS\System32\WS2_32.dll
0x00007ffbfdfd0000 - 0x00007ffbfdfe2000 	C:\WINDOWS\SYSTEM32\UMPDC.dll
0x00007ffbfd3d0000 - 0x00007ffbfd3e2000 	C:\WINDOWS\SYSTEM32\kernel.appcore.dll
0x00007ffbf5cc0000 - 0x00007ffbf5cca000 	C:\Spring\sts-4.20.1.RELEASE\plugins\org.eclipse.justj.openjdk.hotspot.jre.full.win32.x86_64_17.0.8.v20230831-1047\jre\bin\jimage.dll
0x00007ffbfc950000 - 0x00007ffbfcb34000 	C:\WINDOWS\SYSTEM32\DBGHELP.DLL
0x00007ffbe0280000 - 0x00007ffbe02b4000 	C:\WINDOWS\SYSTEM32\dbgcore.DLL
0x00007ffbff4e0000 - 0x00007ffbff562000 	C:\WINDOWS\System32\bcryptPrimitives.dll
0x00007ffbe1b80000 - 0x00007ffbe1ba5000 	C:\Spring\sts-4.20.1.RELEASE\plugins\org.eclipse.justj.openjdk.hotspot.jre.full.win32.x86_64_17.0.8.v20230831-1047\jre\bin\java.dll

dbghelp: loaded successfully - version: 4.0.5 - missing functions: none
symbol engine: initialized successfully - sym options: 0x614 - pdb path: .;C:\Spring\sts-4.20.1.RELEASE\plugins\org.eclipse.justj.openjdk.hotspot.jre.full.win32.x86_64_17.0.8.v20230831-1047\jre\bin;C:\WINDOWS\SYSTEM32;C:\WINDOWS\WinSxS\amd64_microsoft.windows.common-controls_6595b64144ccf1df_6.0.19041.1110_none_60b5254171f9507e;C:\Spring\sts-4.20.1.RELEASE\plugins\org.eclipse.justj.openjdk.hotspot.jre.full.win32.x86_64_17.0.8.v20230831-1047\jre\bin\server

VM Arguments:
jvm_args: -Dcom.sun.management.jmxremote -Dcom.sun.management.jmxremote.port=64140 -Dcom.sun.management.jmxremote.authenticate=false -Dcom.sun.management.jmxremote.ssl=false -Djava.rmi.server.hostname=localhost -Dspring.jmx.enabled=true -Dmanagement.endpoints.jmx.exposure.include=* -Dspring.application.admin.enabled=true -XX:TieredStopAtLevel=1 -Dspring.boot.project.name=Client -Dfile.encoding=UTF-8 -Dstdout.encoding=UTF-8 -Dstderr.encoding=UTF-8 -XX:+ShowCodeDetailsInExceptionMessages 
java_command: emsi.projet.client.ClientApplication --spring.output.ansi.enabled=always
java_class_path (initial): D:\Edu\SPRING\Ace\Client\target\classes;C:\Users\Lahla\.m2\repository\org\springframework\boot\spring-boot-starter-actuator\3.2.1\spring-boot-starter-actuator-3.2.1.jar;C:\Users\Lahla\.m2\repository\org\springframework\boot\spring-boot-starter\3.2.1\spring-boot-starter-3.2.1.jar;C:\Users\Lahla\.m2\repository\org\springframework\boot\spring-boot-starter-logging\3.2.1\spring-boot-starter-logging-3.2.1.jar;C:\Users\Lahla\.m2\repository\ch\qos\logback\logback-classic\1.4.14\logback-classic-1.4.14.jar;C:\Users\Lahla\.m2\repository\ch\qos\logback\logback-core\1.4.14\logback-core-1.4.14.jar;C:\Users\Lahla\.m2\repository\org\apache\logging\log4j\log4j-to-slf4j\2.21.1\log4j-to-slf4j-2.21.1.jar;C:\Users\Lahla\.m2\repository\org\apache\logging\log4j\log4j-api\2.21.1\log4j-api-2.21.1.jar;C:\Users\Lahla\.m2\repository\org\slf4j\jul-to-slf4j\2.0.9\jul-to-slf4j-2.0.9.jar;C:\Users\Lahla\.m2\repository\jakarta\annotation\jakarta.annotation-api\2.1.1\jakarta.annotation-api-2.1.1.jar;C:\Users\Lahla\.m2\repository\org\yaml\snakeyaml\2.2\snakeyaml-2.2.jar;C:\Users\Lahla\.m2\repository\org\springframework\boot\spring-boot-actuator-autoconfigure\3.2.1\spring-boot-actuator-autoconfigure-3.2.1.jar;C:\Users\Lahla\.m2\repository\org\springframework\boot\spring-boot-actuator\3.2.1\spring-boot-actuator-3.2.1.jar;C:\Users\Lahla\.m2\repository\com\fasterxml\jackson\core\jackson-databind\2.15.3\jackson-databind-2.15.3.jar;C:\Users\Lahla\.m2\repository\com\fasterxml\jackson\datatype\jackson-datatype-jsr310\2.15.3\jackson-datatype-jsr310-2.15.3.jar;C:\Users\Lahla\.m2\repository\io\micrometer\micrometer-observation\1.12.1\micrometer-observation-1.12.1.jar;C:\Users\Lahla\.m2\repository\io\micrometer\micrometer-commons\1.12.1\micrometer-commons-1.12.1.jar;C:\Users\Lahla\.m2\repository\io\micrometer\micrometer-jakarta9\1.12.1\micrometer-jakarta9-1.12.1.jar;C:\Users\Lahla\.m2\repository\io\micrometer\micrometer-core\1.12.1\micrometer-core-1.12.1.jar;C:\Users\Lahla\.m2\reposit
Launcher Type: SUN_STANDARD

[Global flags]
     intx CICompilerCount                          = 4                                         {product} {ergonomic}
     uint ConcGCThreads                            = 2                                         {product} {ergonomic}
     uint G1ConcRefinementThreads                  = 8                                         {product} {ergonomic}
   size_t G1HeapRegionSize                         = 1048576                                   {product} {ergonomic}
    uintx GCDrainStackTargetSize                   = 64                                        {product} {ergonomic}
   size_t InitialHeapSize                          = 134217728                                 {product} {ergonomic}
     bool ManagementServer                         = true                                      {product} {command line}
   size_t MarkStackSize                            = 4194304                                   {product} {ergonomic}
   size_t MaxHeapSize                              = 2118123520                                {product} {ergonomic}
   size_t MinHeapDeltaBytes                        = 1048576                                   {product} {ergonomic}
   size_t MinHeapSize                              = 8388608                                   {product} {ergonomic}
    uintx NonProfiledCodeHeapSize                  = 0                                      {pd product} {ergonomic}
     bool ProfileInterpreter                       = false                                  {pd product} {command line}
    uintx ProfiledCodeHeapSize                     = 0                                      {pd product} {ergonomic}
     bool ShowCodeDetailsInExceptionMessages       = true                                   {manageable} {command line}
   size_t SoftMaxHeapSize                          = 2118123520                             {manageable} {ergonomic}
     intx TieredStopAtLevel                        = 1                                         {product} {command line}
     bool UseCompressedClassPointers               = true                           {product lp64_product} {ergonomic}
     bool UseCompressedOops                        = true                           {product lp64_product} {ergonomic}
     bool UseG1GC                                  = true                                      {product} {ergonomic}
     bool UseLargePagesIndividualAllocation        = false                                  {pd product} {ergonomic}

Logging:
Log output configuration:
 #0: stdout all=warning uptime,level,tags
 #1: stderr all=off uptime,level,tags

Environment Variables:
PATH=C:/Spring/sts-4.20.1.RELEASE//plugins/org.eclipse.justj.openjdk.hotspot.jre.full.win32.x86_64_17.0.8.v20230831-1047/jre/bin/server;C:/Spring/sts-4.20.1.RELEASE//plugins/org.eclipse.justj.openjdk.hotspot.jre.full.win32.x86_64_17.0.8.v20230831-1047/jre/bin;C:\Python312\Scripts\;C:\Python312\;C:\Program Files\Common Files\Oracle\Java\javapath;C:\Program Files (x86)\Common Files\Oracle\Java\javapath;C:\WINDOWS\system32;C:\WINDOWS;C:\WINDOWS\System32\Wbem;C:\WINDOWS\System32\WindowsPowerShell\v1.0\;C:\WINDOWS\System32\OpenSSH\;C:\Program Files\MySQL\MySQL Server 8.0\bin;D:\flutter\bin;D:\Windows Kits\10\Windows Performance Toolkit\;C:\Program Files\Java\jdk1.8.0_202;C:\Program Files\nodejs\;C:\ProgramData\chocolatey\bin;C:\Program Files\apache-maven-3.9.6\bin;C:\Program Files\Docker\Docker\resources\bin;C:\Program Files\sonar-scanner-5.0.1.3006-windows\bin;C:\Program Files\MySQL\MySQL Shell 8.0\bin\;C:\Users\Lahla\AppData\Local\Programs\Python\Python311\Scripts\;C:\Users\Lahla\AppData\Local\Programs\Python\Python311\;C:\Users\Lahla\AppData\Local\Microsoft\WindowsApps;D:\Git\bin;C:\Users\Lahla\AppData\Local\Programs\Microsoft VS Code\bin;C:\Users\Lahla\AppData\Roaming\npm;C:\Users\Lahla\AppData\Local\Pub\Cache\bin;C:\Program Files\apache-maven-3.9.6\bin;;C:\Spring\sts-4.20.1.RELEASE;
USERNAME=Lahla
OS=Windows_NT
PROCESSOR_IDENTIFIER=Intel64 Family 6 Model 142 Stepping 12, GenuineIntel
TMP=C:\Users\Lahla\AppData\Local\Temp
TEMP=C:\Users\Lahla\AppData\Local\Temp



---------------  S Y S T E M  ---------------

OS:
 Windows 10 , 64 bit Build 19041 (10.0.19041.3155)
OS uptime: 3 days 14:05 hours
Hyper-V role detected

CPU: total 8 (initial active 8) (4 cores per cpu, 2 threads per core) family 6 model 142 stepping 12 microcode 0xb8, cx8, cmov, fxsr, ht, mmx, 3dnowpref, sse, sse2, sse3, ssse3, sse4.1, sse4.2, popcnt, lzcnt, tsc, tscinvbit, avx, avx2, aes, erms, clmul, bmi1, bmi2, adx, fma, vzeroupper, clflush, clflushopt, hv
Processor Information for all 8 processors :
  Max Mhz: 1992, Current Mhz: 1792, Mhz Limit: 1792

Memory: 4k page, system-wide physical 8078M (727M free)
TotalPageFile size 15149M (AvailPageFile size 118M)
current process WorkingSet (physical memory assigned to process): 10M, peak: 10M
current process commit charge ("private bytes"): 55M, peak: 183M

vm_info: OpenJDK 64-Bit Server VM (17.0.8.1+1) for windows-amd64 JRE (17.0.8.1+1), built on Aug 23 2023 15:29:17 by "admin" with MS VC++ 16.7 (VS2019)

END.
